

================================================================
== Synthesis Summary Report of 'dense_int8'
================================================================
+ General Information: 
    * Date:           Tue Dec 16 15:43:46 2025
    * Version:        2025.2 (Build 6295257 on Nov 12 2025)
    * Project:        proj_dense
    * Solution:       solution1 (Vivado IP Flow Target)
    * Product family: zynq
    * Target device:  xc7z020-clg400-1
    

* Performance & Resource Estimates: 
+-------------------------------------------------------------------------------------------------------+--------+---------------------+----------+---------+--------+----------+---------+-----------+-------+----------+---------+-----------+-------------+-----+
|                                                Modules                                                |  Issue |                     | Iteration|         |  Trip  |          |       Latency       |       |          |         |           |             |     |
|                                                & Loops                                                |  Type  |    Violation Type   |  Latency | Interval|  Count | Pipelined| (cycles)|    (ns)   | Slack |   BRAM   |   DSP   |     FF    |     LUT     | URAM|
+-------------------------------------------------------------------------------------------------------+--------+---------------------+----------+---------+--------+----------+---------+-----------+-------+----------+---------+-----------+-------------+-----+
|+ dense_int8                                                                                           |  Timing|                    -|         -|  1085143|       -|        no|  1085142|  1.098e+07|  -2.81|  79 (28%)|  10 (4%)|  6618 (6%)|  12036 (22%)|    -|
| + dense_int8_Pipeline_VITIS_LOOP_36_1_VITIS_LOOP_37_2_VITIS_LOOP_38_3                                 |       -|                    -|         -|        -|       -|       yes|    56485|  5.648e+05|   0.00|         -|   4 (1%)|  2663 (2%)|   6996 (13%)|    -|
|  o VITIS_LOOP_36_1_VITIS_LOOP_37_2_VITIS_LOOP_38_3                                                    |      II|  Resource Limitation|        45|        9|    6272|       yes|    56483|  5.648e+05|   7.30|         -|        -|          -|            -|    -|
| + dense_int8_Pipeline_VITIS_LOOP_71_6_VITIS_LOOP_72_7_VITIS_LOOP_73_8_VITIS_LOOP_7                    |  Timing|                    -|         -|        -|       -|       yes|   903191|  9.032e+06|  -1.71|   1 (~0%)|  1 (~0%)|  2015 (1%)|    2334 (4%)|    -|
|  o VITIS_LOOP_71_6_VITIS_LOOP_72_7_VITIS_LOOP_73_8_VITIS_LOOP_77_9_VITIS_LOOP_78_10_VITIS_LOOP_79_11  |       -|                    -|        23|        1|  903168|       yes|   903189|  9.032e+06|   7.30|         -|        -|          -|            -|    -|
| + dense_int8_Pipeline_VITIS_LOOP_103_12_VITIS_LOOP_108_13_VITIS_LOOP_109_14_VITIS_s                   |  Timing|                    -|         -|        -|       -|       yes|   125456|  1.269e+06|  -2.81|  64 (22%)|  2 (~0%)|  711 (~0%)|     981 (1%)|    -|
|  o VITIS_LOOP_103_12_VITIS_LOOP_108_13_VITIS_LOOP_109_14_VITIS_LOOP_110_15                            |       -|                    -|        16|        1|  125440|       yes|   125454|  1.269e+06|   7.30|         -|        -|          -|            -|    -|
+-------------------------------------------------------------------------------------------------------+--------+---------------------+----------+---------+--------+----------+---------+-----------+-------+----------+---------+-----------+-------------+-----+
    II Violation Information: docs.amd.com/access/sources/dita/topic?Doc_Version=2025.2%20English&url=ug1448-hls-guidance&resourceid=200-880.html
    Name Prefix: '+' for module, 'o' for loop, '*' for dataflow


================================================================
== HW Interfaces
================================================================
* M_AXI
+------------+------------+------------+---------------+---------+--------+----------+-----------+--------------+--------------+-------------+-------------+-------------------+
| Interface  | Read/Write | Data Width | Address Width | Latency | Offset | Register | Max Widen | Max Read     | Max Write    | Num Read    | Num Write   | Resource Estimate |
|            |            | (SW->HW)   |               |         |        |          | Bitwidth  | Burst Length | Burst Length | Outstanding | Outstanding |                   |
+------------+------------+------------+---------------+---------+--------+----------+-----------+--------------+--------------+-------------+-------------+-------------------+
| m_axi_gmem | READ_WRITE | 32 -> 32   | 64            | 0       | slave  | 0        | 0         | 16           | 16           | 16          | 16          | BRAM=2            |
+------------+------------+------------+---------------+---------+--------+----------+-----------+--------------+--------------+-------------+-------------+-------------------+

* S_AXILITE Interfaces
+---------------+------------+---------------+--------+----------+
| Interface     | Data Width | Address Width | Offset | Register |
+---------------+------------+---------------+--------+----------+
| s_axi_control | 32         | 6             | 16     | 0        |
+---------------+------------+---------------+--------+----------+

* S_AXILITE Registers
+---------------+-----------------+--------+-------+--------+----------------------------------+----------------------------------------------------------------------+
| Interface     | Register        | Offset | Width | Access | Description                      | Bit Fields                                                           |
+---------------+-----------------+--------+-------+--------+----------------------------------+----------------------------------------------------------------------+
| s_axi_control | CTRL            | 0x00   | 32    | RW     | Control signals                  | 0=AP_START 1=AP_DONE 2=AP_IDLE 3=AP_READY 7=AUTO_RESTART 9=INTERRUPT |
| s_axi_control | GIER            | 0x04   | 32    | RW     | Global Interrupt Enable Register | 0=Enable                                                             |
| s_axi_control | IP_IER          | 0x08   | 32    | RW     | IP Interrupt Enable Register     | 0=CHAN0_INT_EN 1=CHAN1_INT_EN                                        |
| s_axi_control | IP_ISR          | 0x0c   | 32    | RW     | IP Interrupt Status Register     | 0=CHAN0_INT_ST 1=CHAN1_INT_ST                                        |
| s_axi_control | input_image_1   | 0x10   | 32    | W      | Data signal of input_image       |                                                                      |
| s_axi_control | input_image_2   | 0x14   | 32    | W      | Data signal of input_image       |                                                                      |
| s_axi_control | output_scores_1 | 0x1c   | 32    | W      | Data signal of output_scores     |                                                                      |
| s_axi_control | output_scores_2 | 0x20   | 32    | W      | Data signal of output_scores     |                                                                      |
+---------------+-----------------+--------+-------+--------+----------------------------------+----------------------------------------------------------------------+

* TOP LEVEL CONTROL
+-----------+------------+-----------+
| Interface | Type       | Ports     |
+-----------+------------+-----------+
| ap_clk    | clock      | ap_clk    |
| ap_rst_n  | reset      | ap_rst_n  |
| interrupt | interrupt  | interrupt |
| ap_ctrl   | ap_ctrl_hs |           |
+-----------+------------+-----------+


================================================================
== SW I/O Information
================================================================
* Top Function Arguments
+---------------+-----------+---------------+
| Argument      | Direction | Datatype      |
+---------------+-----------+---------------+
| input_image   | inout     | float const * |
| output_scores | inout     | float*        |
+---------------+-----------+---------------+

* SW-to-HW Mapping
+---------------+---------------+-----------+----------+-------------------------------------------+
| Argument      | HW Interface  | HW Type   | HW Usage | HW Info                                   |
+---------------+---------------+-----------+----------+-------------------------------------------+
| input_image   | m_axi_gmem    | interface |          | channel=0                                 |
| input_image   | s_axi_control | register  | offset   | name=input_image_1 offset=0x10 range=32   |
| input_image   | s_axi_control | register  | offset   | name=input_image_2 offset=0x14 range=32   |
| output_scores | m_axi_gmem    | interface |          | channel=0                                 |
| output_scores | s_axi_control | register  | offset   | name=output_scores_1 offset=0x1c range=32 |
| output_scores | s_axi_control | register  | offset   | name=output_scores_2 offset=0x20 range=32 |
+---------------+---------------+-----------+----------+-------------------------------------------+


================================================================
== M_AXI Burst Information
================================================================
 Note: All burst requests might be further partitioned into multiple requests during RTL generation based on max_read_burst_length or max_write_burst_length settings.

* Inferred Burst Summary
+--------------+-----------+--------+-------+-------------------+-----------------------+
| HW Interface | Direction | Length | Width | Loop              | Loop Location         |
+--------------+-----------+--------+-------+-------------------+-----------------------+
| m_axi_gmem   | write     | 10     | 32    | VITIS_LOOP_103_12 | dense_int8.cpp:103:24 |
+--------------+-----------+--------+-------+-------------------+-----------------------+

* All M_AXI Variable Accesses
+--------------+---------------+-----------------------+-----------+--------------+--------+-------------------+-----------------------+------------+---------------------------------------------------------------------------------------------------------+
| HW Interface | Variable      | Access Location       | Direction | Burst Status | Length | Loop              | Loop Location         | Resolution | Problem                                                                                                 |
+--------------+---------------+-----------------------+-----------+--------------+--------+-------------------+-----------------------+------------+---------------------------------------------------------------------------------------------------------+
| m_axi_gmem   | input_image   | dense_int8.cpp:54:50  | read      | Fail         |        | VITIS_LOOP_44_5   | dense_int8.cpp:44:38  | 214-232    | Access load is in the conditional branch                                                                |
| m_axi_gmem   | output_scores | dense_int8.cpp:122:26 | write     | Widen Fail   |        | VITIS_LOOP_103_12 | dense_int8.cpp:103:24 | 214-353    | Could not widen since type float size is greater than or equal to the max_widen_bitwidth threshold of 0 |
| m_axi_gmem   | output_scores | dense_int8.cpp:122:26 | write     | Inferred     | 10     | VITIS_LOOP_103_12 | dense_int8.cpp:103:24 |            |                                                                                                         |
+--------------+---------------+-----------------------+-----------+--------------+--------+-------------------+-----------------------+------------+---------------------------------------------------------------------------------------------------------+

    * Resolution URL: docs.amd.com/access/sources/dita/topic?Doc_Version=2025.2%20English&url=ug1448-hls-guidance&resourceid=XXX-YYY.html (replace XXX-YYY with column value)

================================================================
== Bind Op Report
================================================================
+--------------------------------------------------------------------------------------+-----+--------+-----------------------------------+-----------+------------------------+---------+
| Name                                                                                 | DSP | Pragma | Variable                          | Op        | Impl                   | Latency |
+--------------------------------------------------------------------------------------+-----+--------+-----------------------------------+-----------+------------------------+---------+
| + dense_int8                                                                         | 10  |        |                                   |           |                        |         |
|  + dense_int8_Pipeline_VITIS_LOOP_36_1_VITIS_LOOP_37_2_VITIS_LOOP_38_3               | 4   |        |                                   |           |                        |         |
|    icmp_ln36_fu_470_p2                                                               |     |        | icmp_ln36                         | seteq     | auto                   | 0       |
|    add_ln36_1_fu_476_p2                                                              |     |        | add_ln36_1                        | add       | fabric                 | 0       |
|    add_ln36_fu_1132_p2                                                               |     |        | add_ln36                          | add       | fabric                 | 0       |
|    icmp_ln37_fu_482_p2                                                               |     |        | icmp_ln37                         | seteq     | auto                   | 0       |
|    select_ln36_fu_518_p3                                                             |     |        | select_ln36                       | select    | auto_sel               | 0       |
|    add_ln46_1_fu_525_p2                                                              |     |        | add_ln46_1                        | add       | fabric                 | 0       |
|    select_ln36_1_fu_531_p3                                                           |     |        | select_ln36_1                     | select    | auto_sel               | 0       |
|    xor_ln36_fu_538_p2                                                                |     |        | xor_ln36                          | xor       | auto                   | 0       |
|    icmp_ln38_fu_543_p2                                                               |     |        | icmp_ln38                         | seteq     | auto                   | 0       |
|    and_ln36_fu_549_p2                                                                |     |        | and_ln36                          | and       | auto                   | 0       |
|    select_ln36_2_fu_1138_p3                                                          |     |        | select_ln36_2                     | select    | auto_sel               | 0       |
|    add_ln46_2_fu_555_p2                                                              |     |        | add_ln46_2                        | add       | fabric                 | 0       |
|    empty_fu_561_p2                                                                   |     |        | empty                             | or        | auto                   | 0       |
|    x_mid2_fu_566_p3                                                                  |     |        | x_mid2                            | select    | auto_sel               | 0       |
|    add_ln46_3_fu_574_p2                                                              |     |        | add_ln46_3                        | add       | fabric                 | 0       |
|    add_ln46_1_mid2_fu_580_p3                                                         |     |        | add_ln46_1_mid2                   | select    | auto_sel               | 0       |
|    select_ln37_fu_588_p3                                                             |     |        | select_ln37                       | select    | auto_sel               | 0       |
|    add_ln59_8_fu_1164_p2                                                             |     |        | add_ln59_8                        | add       | fabric                 | 0       |
|    add_ln59_fu_1218_p2                                                               |     |        | add_ln59                          | add       | fabric                 | 0       |
|    add_ln59_1_fu_1178_p2                                                             |     |        | add_ln59_1                        | add       | fabric                 | 0       |
|    add_ln59_2_fu_1194_p2                                                             |     |        | add_ln59_2                        | add       | fabric                 | 0       |
|    add_ln59_3_fu_1233_p2                                                             |     |        | add_ln59_3                        | add       | fabric                 | 0       |
|    add_ln59_4_fu_1308_p2                                                             |     |        | add_ln59_4                        | add       | fabric                 | 0       |
|    add_ln59_5_fu_1442_p2                                                             |     |        | add_ln59_5                        | add       | fabric                 | 0       |
|    add_ln59_6_fu_1748_p2                                                             |     |        | add_ln59_6                        | add       | fabric                 | 0       |
|    add_ln59_7_fu_1590_p2                                                             |     |        | add_ln59_7                        | add       | fabric                 | 0       |
|    add_ln46_fu_600_p2                                                                |     |        | add_ln46                          | add       | fabric                 | 0       |
|    sub_ln51_fu_635_p2                                                                |     |        | sub_ln51                          | sub       | fabric                 | 0       |
|    icmp_ln51_fu_641_p2                                                               |     |        | icmp_ln51                         | setlt     | auto                   | 0       |
|    sub_ln54_fu_854_p2                                                                |     |        | sub_ln54                          | sub       | fabric                 | 0       |
|    icmp_ln51_1_fu_606_p2                                                             |     |        | icmp_ln51_1                       | setlt     | auto                   | 0       |
|    add_ln54_fu_951_p2                                                                |     |        | add_ln54                          | add       | fabric                 | 0       |
|    add_ln47_fu_649_p2                                                                |     |        | add_ln47                          | add       | fabric                 | 0       |
|    icmp_ln51_2_fu_659_p2                                                             |     |        | icmp_ln51_2                       | setlt     | auto                   | 0       |
|    and_ln51_fu_665_p2                                                                |     |        | and_ln51                          | and       | auto                   | 0       |
|    add_ln54_1_fu_671_p2                                                              |     |        | add_ln54_1                        | add       | fabric                 | 0       |
|    add_ln54_2_fu_689_p2                                                              |     |        | add_ln54_2                        | add       | fabric                 | 0       |
|    add_ln317_fu_1271_p2                                                              |     |        | add_ln317                         | add       | fabric                 | 0       |
|    sub_ln18_fu_1285_p2                                                               |     |        | sub_ln18                          | sub       | fabric                 | 0       |
|    select_ln18_fu_1295_p3                                                            |     |        | select_ln18                       | select    | auto_sel               | 0       |
|    lshr_ln18_fu_1338_p2                                                              |     |        | lshr_ln18                         | lshr      | auto_pipe              | 0       |
|    shl_ln18_fu_1344_p2                                                               |     |        | shl_ln18                          | shl       | auto_pipe              | 0       |
|    val_6_fu_1370_p3                                                                  |     |        | val_6                             | select    | auto_sel               | 0       |
|    sub_ln59_fu_1452_p2                                                               |     |        | sub_ln59                          | sub       | fabric                 | 0       |
|    result_22_fu_1457_p3                                                              |     |        | result_22                         | select    | auto_sel               | 0       |
|    mul_8s_8s_16_1_1_U5                                                               |     |        | mul_ln60                          | mul       | auto                   | 0       |
|    add_ln54_3_fu_749_p2                                                              |     |        | add_ln54_3                        | add       | fabric                 | 0       |
|    add_ln54_4_fu_766_p2                                                              |     |        | add_ln54_4                        | add       | fabric                 | 0       |
|    add_ln317_1_fu_1405_p2                                                            |     |        | add_ln317_1                       | add       | fabric                 | 0       |
|    sub_ln18_1_fu_1419_p2                                                             |     |        | sub_ln18_1                        | sub       | fabric                 | 0       |
|    select_ln18_2_fu_1429_p3                                                          |     |        | select_ln18_2                     | select    | auto_sel               | 0       |
|    lshr_ln18_1_fu_1483_p2                                                            |     |        | lshr_ln18_1                       | lshr      | auto_pipe              | 0       |
|    shl_ln18_1_fu_1489_p2                                                             |     |        | shl_ln18_1                        | shl       | auto_pipe              | 0       |
|    val_7_fu_1515_p3                                                                  |     |        | val_7                             | select    | auto_sel               | 0       |
|    sub_ln59_1_fu_1610_p2                                                             |     |        | sub_ln59_1                        | sub       | fabric                 | 0       |
|    result_23_fu_1615_p3                                                              |     |        | result_23                         | select    | auto_sel               | 0       |
|    mul_8s_8s_16_1_1_U6                                                               |     |        | mul_ln60_1                        | mul       | auto                   | 0       |
|    add_ln47_1_fu_714_p2                                                              |     |        | add_ln47_1                        | add       | fabric                 | 0       |
|    icmp_ln51_3_fu_719_p2                                                             |     |        | icmp_ln51_3                       | setlt     | auto                   | 0       |
|    and_ln51_1_fu_725_p2                                                              |     |        | and_ln51_1                        | and       | auto                   | 0       |
|    add_ln54_5_fu_794_p2                                                              |     |        | add_ln54_5                        | add       | fabric                 | 0       |
|    add_ln54_6_fu_811_p2                                                              |     |        | add_ln54_6                        | add       | fabric                 | 0       |
|    add_ln317_2_fu_1550_p2                                                            |     |        | add_ln317_2                       | add       | fabric                 | 0       |
|    sub_ln18_2_fu_1564_p2                                                             |     |        | sub_ln18_2                        | sub       | fabric                 | 0       |
|    select_ln18_4_fu_1574_p3                                                          |     |        | select_ln18_4                     | select    | auto_sel               | 0       |
|    lshr_ln18_2_fu_1641_p2                                                            |     |        | lshr_ln18_2                       | lshr      | auto_pipe              | 0       |
|    shl_ln18_2_fu_1647_p2                                                             |     |        | shl_ln18_2                        | shl       | auto_pipe              | 0       |
|    val_8_fu_1673_p3                                                                  |     |        | val_8                             | select    | auto_sel               | 0       |
|    sub_ln59_2_fu_1768_p2                                                             |     |        | sub_ln59_2                        | sub       | fabric                 | 0       |
|    result_24_fu_1773_p3                                                              |     |        | result_24                         | select    | auto_sel               | 0       |
|    mul_8s_8s_16_1_1_U7                                                               |     |        | mul_ln60_2                        | mul       | auto                   | 0       |
|    add_ln54_7_fu_863_p2                                                              |     |        | add_ln54_7                        | add       | fabric                 | 0       |
|    add_ln54_8_fu_881_p2                                                              |     |        | add_ln54_8                        | add       | fabric                 | 0       |
|    add_ln317_3_fu_1708_p2                                                            |     |        | add_ln317_3                       | add       | fabric                 | 0       |
|    sub_ln18_3_fu_1722_p2                                                             |     |        | sub_ln18_3                        | sub       | fabric                 | 0       |
|    select_ln18_6_fu_1732_p3                                                          |     |        | select_ln18_6                     | select    | auto_sel               | 0       |
|    lshr_ln18_3_fu_1799_p2                                                            |     |        | lshr_ln18_3                       | lshr      | auto_pipe              | 0       |
|    shl_ln18_3_fu_1805_p2                                                             |     |        | shl_ln18_3                        | shl       | auto_pipe              | 0       |
|    val_5_fu_1831_p3                                                                  |     |        | val_5                             | select    | auto_sel               | 0       |
|    sub_ln59_3_fu_1916_p2                                                             |     |        | sub_ln59_3                        | sub       | fabric                 | 0       |
|    result_21_fu_1921_p3                                                              |     |        | result_21                         | select    | auto_sel               | 0       |
|    mul_8s_8s_16_1_1_U8                                                               |     |        | mul_ln60_3                        | mul       | auto                   | 0       |
|    add_ln54_9_fu_909_p2                                                              |     |        | add_ln54_9                        | add       | fabric                 | 0       |
|    add_ln54_10_fu_926_p2                                                             |     |        | add_ln54_10                       | add       | fabric                 | 0       |
|    add_ln317_4_fu_1866_p2                                                            |     |        | add_ln317_4                       | add       | fabric                 | 0       |
|    sub_ln18_4_fu_1880_p2                                                             |     |        | sub_ln18_4                        | sub       | fabric                 | 0       |
|    select_ln18_8_fu_1890_p3                                                          |     |        | select_ln18_8                     | select    | auto_sel               | 0       |
|    lshr_ln18_4_fu_1947_p2                                                            |     |        | lshr_ln18_4                       | lshr      | auto_pipe              | 0       |
|    shl_ln18_4_fu_1953_p2                                                             |     |        | shl_ln18_4                        | shl       | auto_pipe              | 0       |
|    val_4_fu_1979_p3                                                                  |     |        | val_4                             | select    | auto_sel               | 0       |
|    sub_ln59_4_fu_2059_p2                                                             |     |        | sub_ln59_4                        | sub       | fabric                 | 0       |
|    result_fu_2064_p3                                                                 |     |        | result                            | select    | auto_sel               | 0       |
|    mul_8s_8s_16_1_1_U9                                                               |     |        | mul_ln60_4                        | mul       | auto                   | 0       |
|    add_ln54_11_fu_959_p2                                                             |     |        | add_ln54_11                       | add       | fabric                 | 0       |
|    add_ln54_12_fu_976_p2                                                             |     |        | add_ln54_12                       | add       | fabric                 | 0       |
|    add_ln317_5_fu_2014_p2                                                            |     |        | add_ln317_5                       | add       | fabric                 | 0       |
|    sub_ln18_5_fu_2028_p2                                                             |     |        | sub_ln18_5                        | sub       | fabric                 | 0       |
|    select_ln18_11_fu_2038_p3                                                         |     |        | select_ln18_11                    | select    | auto_sel               | 0       |
|    lshr_ln18_5_fu_2090_p2                                                            |     |        | lshr_ln18_5                       | lshr      | auto_pipe              | 0       |
|    shl_ln18_5_fu_2096_p2                                                             |     |        | shl_ln18_5                        | shl       | auto_pipe              | 0       |
|    val_9_fu_2122_p3                                                                  |     |        | val_9                             | select    | auto_sel               | 0       |
|    sub_ln59_5_fu_2209_p2                                                             |     |        | sub_ln59_5                        | sub       | fabric                 | 0       |
|    result_25_fu_2214_p3                                                              |     |        | result_25                         | select    | auto_sel               | 0       |
|    mul_8s_8s_16_1_1_U10                                                              |     |        | mul_ln60_5                        | mul       | auto                   | 0       |
|    and_ln51_2_fu_731_p2                                                              |     |        | and_ln51_2                        | and       | auto                   | 0       |
|    add_ln54_13_fu_1004_p2                                                            |     |        | add_ln54_13                       | add       | fabric                 | 0       |
|    add_ln54_14_fu_1032_p2                                                            |     |        | add_ln54_14                       | add       | fabric                 | 0       |
|    add_ln317_6_fu_2157_p2                                                            |     |        | add_ln317_6                       | add       | fabric                 | 0       |
|    sub_ln18_6_fu_2171_p2                                                             |     |        | sub_ln18_6                        | sub       | fabric                 | 0       |
|    select_ln18_13_fu_2181_p3                                                         |     |        | select_ln18_13                    | select    | auto_sel               | 0       |
|    lshr_ln18_6_fu_2240_p2                                                            |     |        | lshr_ln18_6                       | lshr      | auto_pipe              | 0       |
|    shl_ln18_6_fu_2246_p2                                                             |     |        | shl_ln18_6                        | shl       | auto_pipe              | 0       |
|    val_3_fu_2272_p3                                                                  |     |        | val_3                             | select    | auto_sel               | 0       |
|    sub_ln59_6_fu_2361_p2                                                             |     |        | sub_ln59_6                        | sub       | fabric                 | 0       |
|    result_20_fu_2366_p3                                                              |     |        | result_20                         | select    | auto_sel               | 0       |
|    mul_8s_8s_16_1_1_U11                                                              |     |        | mul_ln60_6                        | mul       | auto                   | 0       |
|    add_ln54_15_fu_1010_p2                                                            |     |        | add_ln54_15                       | add       | fabric                 | 0       |
|    add_ln54_16_fu_1068_p2                                                            |     |        | add_ln54_16                       | add       | fabric                 | 0       |
|    add_ln317_7_fu_2307_p2                                                            |     |        | add_ln317_7                       | add       | fabric                 | 0       |
|    sub_ln18_7_fu_2321_p2                                                             |     |        | sub_ln18_7                        | sub       | fabric                 | 0       |
|    select_ln18_15_fu_2331_p3                                                         |     |        | select_ln18_15                    | select    | auto_sel               | 0       |
|    lshr_ln18_7_fu_2392_p2                                                            |     |        | lshr_ln18_7                       | lshr      | auto_pipe              | 0       |
|    shl_ln18_7_fu_2398_p2                                                             |     |        | shl_ln18_7                        | shl       | auto_pipe              | 0       |
|    val_10_fu_2424_p3                                                                 |     |        | val_10                            | select    | auto_sel               | 0       |
|    sub_ln59_7_fu_2509_p2                                                             |     |        | sub_ln59_7                        | sub       | fabric                 | 0       |
|    result_26_fu_2514_p3                                                              |     |        | result_26                         | select    | auto_sel               | 0       |
|    mul_8s_8s_16_1_1_U12                                                              |     |        | mul_ln60_7                        | mul       | auto                   | 0       |
|    and_ln51_3_fu_736_p2                                                              |     |        | and_ln51_3                        | and       | auto                   | 0       |
|    add_ln54_17_fu_1015_p2                                                            |     |        | add_ln54_17                       | add       | fabric                 | 0       |
|    add_ln54_18_fu_1104_p2                                                            |     |        | add_ln54_18                       | add       | fabric                 | 0       |
|    add_ln317_8_fu_2459_p2                                                            |     |        | add_ln317_8                       | add       | fabric                 | 0       |
|    sub_ln18_8_fu_2473_p2                                                             |     |        | sub_ln18_8                        | sub       | fabric                 | 0       |
|    select_ln18_17_fu_2483_p3                                                         |     |        | select_ln18_17                    | select    | auto_sel               | 0       |
|    lshr_ln18_8_fu_2540_p2                                                            |     |        | lshr_ln18_8                       | lshr      | auto_pipe              | 0       |
|    shl_ln18_8_fu_2546_p2                                                             |     |        | shl_ln18_8                        | shl       | auto_pipe              | 0       |
|    val_11_fu_2572_p3                                                                 |     |        | val_11                            | select    | auto_sel               | 0       |
|    sub_ln59_8_fu_2595_p2                                                             |     |        | sub_ln59_8                        | sub       | fabric                 | 0       |
|    result_27_fu_2600_p3                                                              |     |        | result_27                         | select    | auto_sel               | 0       |
|    mac_muladd_8s_8s_16s_16_4_1_U14                                                   | 1   |        | mul_ln60_8                        | mul       | dsp_slice              | 3       |
|    add_ln60_fu_2694_p2                                                               |     |        | add_ln60                          | add       | fabric                 | 0       |
|    add_ln60_1_fu_2189_p2                                                             |     |        | add_ln60_1                        | add       | fabric                 | 0       |
|    add_ln60_2_fu_2342_p2                                                             |     |        | add_ln60_2                        | add       | fabric                 | 0       |
|    add_ln60_3_fu_2706_p2                                                             |     |        | add_ln60_3                        | add       | fabric                 | 0       |
|    add_ln60_4_fu_2491_p2                                                             |     |        | add_ln60_4                        | add       | fabric                 | 0       |
|    mac_muladd_8s_8s_16s_16_4_1_U14                                                   | 1   |        | add_ln60_5                        | add       | dsp_slice              | 3       |
|    add_ln60_6_fu_2721_p2                                                             |     |        | add_ln60_6                        | add       | fabric                 | 0       |
|    add_ln60_7_fu_2731_p2                                                             |     |        | add_ln60_7                        | add       | fabric                 | 0       |
|    sum_4_fu_2743_p2                                                                  |     |        | sum_4                             | add       | fabric                 | 0       |
|    sitofp_32s_32_6_no_dsp_1_U3                                                       |     |        | conv_i                            | sitofp    | auto                   | 5       |
|    fmul_32ns_32ns_32_4_max_dsp_1_U2                                                  | 3   |        | val                               | fmul      | maxdsp                 | 3       |
|    icmp_ln17_fu_2770_p2                                                              |     |        | icmp_ln17                         | setne     | auto                   | 0       |
|    icmp_ln17_2_fu_2820_p2                                                            |     |        | icmp_ln17_2                       | seteq     | auto                   | 0       |
|    or_ln17_fu_2825_p2                                                                |     |        | or_ln17                           | or        | auto                   | 0       |
|    and_ln17_fu_2886_p2                                                               |     |        | and_ln17                          | and       | auto                   | 0       |
|    and_ln18_fu_2890_p2                                                               |     |        | and_ln18                          | and       | auto                   | 0       |
|    add_ln317_9_fu_2788_p2                                                            |     |        | add_ln317_9                       | add       | fabric                 | 0       |
|    sub_ln18_9_fu_2802_p2                                                             |     |        | sub_ln18_9                        | sub       | fabric                 | 0       |
|    select_ln18_19_fu_2812_p3                                                         |     |        | select_ln18_19                    | select    | auto_sel               | 0       |
|    lshr_ln18_9_fu_2850_p2                                                            |     |        | lshr_ln18_9                       | lshr      | auto_pipe              | 0       |
|    shl_ln18_9_fu_2866_p2                                                             |     |        | shl_ln18_9                        | shl       | auto_pipe              | 0       |
|    val_2_fu_2880_p3                                                                  |     |        | val_2                             | select    | auto_sel               | 0       |
|    sub_ln59_9_fu_2901_p2                                                             |     |        | sub_ln59_9                        | sub       | fabric                 | 0       |
|    retval_0_i_fu_2933_p6                                                             |     |        | result_19                         | select    | auto_sel               | 0       |
|    xor_ln17_fu_2913_p2                                                               |     |        | xor_ln17                          | xor       | auto                   | 0       |
|    and_ln18_2_fu_2919_p2                                                             |     |        | and_ln18_2                        | and       | auto                   | 0       |
|    sparsemux_7_2_8_1_1_U13                                                           |     |        | retval_0_i                        | sparsemux | onehotencoding_realdef | 0       |
|    add_ln37_fu_488_p2                                                                |     |        | add_ln37                          | add       | fabric                 | 0       |
|    select_ln37_1_fu_494_p3                                                           |     |        | select_ln37_1                     | select    | auto_sel               | 0       |
|  + dense_int8_Pipeline_VITIS_LOOP_71_6_VITIS_LOOP_72_7_VITIS_LOOP_73_8_VITIS_LOOP_7  | 1   |        |                                   |           |                        |         |
|    icmp_ln71_fu_326_p2                                                               |     |        | icmp_ln71                         | seteq     | auto                   | 0       |
|    add_ln71_1_fu_332_p2                                                              |     |        | add_ln71_1                        | add       | fabric                 | 0       |
|    add_ln71_fu_552_p2                                                                |     |        | add_ln71                          | add       | fabric                 | 0       |
|    icmp_ln72_fu_352_p2                                                               |     |        | icmp_ln72                         | seteq     | auto                   | 0       |
|    select_ln71_fu_558_p3                                                             |     |        | select_ln71                       | select    | auto_sel               | 0       |
|    first_iter_6281_fu_565_p2                                                         |     |        | first_iter_6281                   | seteq     | auto                   | 0       |
|    or_ln71_fu_1077_p2                                                                |     |        | or_ln71                           | or        | auto                   | 0       |
|    first_iter_5284_fu_756_p2                                                         |     |        | first_iter_5284                   | seteq     | auto                   | 0       |
|    or_ln71_1_fu_1081_p2                                                              |     |        | or_ln71_1                         | or        | auto                   | 0       |
|    first_iter_4286_fu_571_p2                                                         |     |        | first_iter_4286                   | seteq     | auto                   | 0       |
|    or_ln71_2_fu_1085_p2                                                              |     |        | or_ln71_2                         | or        | auto                   | 0       |
|    first_iter_3288_fu_577_p2                                                         |     |        | first_iter_3288                   | seteq     | auto                   | 0       |
|    or_ln71_3_fu_1089_p2                                                              |     |        | or_ln71_3                         | or        | auto                   | 0       |
|    xor_ln71_fu_358_p2                                                                |     |        | xor_ln71                          | xor       | auto                   | 0       |
|    icmp_ln79_fu_583_p2                                                               |     |        | icmp_ln79                         | seteq     | auto                   | 0       |
|    and_ln71_fu_589_p2                                                                |     |        | and_ln71                          | and       | auto                   | 0       |
|    icmp_ln78_fu_465_p2                                                               |     |        | icmp_ln78                         | seteq     | auto                   | 0       |
|    and_ln71_1_fu_471_p2                                                              |     |        | and_ln71_1                        | and       | auto                   | 0       |
|    icmp_ln77_fu_364_p2                                                               |     |        | icmp_ln77                         | seteq     | auto                   | 0       |
|    icmp_ln73_fu_370_p2                                                               |     |        | icmp_ln73                         | seteq     | auto                   | 0       |
|    and_ln71_3_fu_376_p2                                                              |     |        | and_ln71_3                        | and       | auto                   | 0       |
|    select_ln71_1_fu_594_p3                                                           |     |        | select_ln71_1                     | select    | auto_sel               | 0       |
|    add_ln72_fu_601_p2                                                                |     |        | add_ln72                          | add       | fabric                 | 0       |
|    empty_fu_382_p2                                                                   |     |        | empty                             | or        | auto                   | 0       |
|    x_1_mid296_fu_762_p3                                                              |     |        | x_1_mid296                        | select    | auto_sel               | 0       |
|    sum_11_mid2107_fu_1093_p3                                                         |     |        | sum_11_mid2107                    | select    | auto_sel               | 0       |
|    first_iter_6_mid1_fu_1100_p2                                                      |     |        | first_iter_6_mid1                 | seteq     | auto                   | 0       |
|    first_iter_6_mid2_fu_1105_p3                                                      |     |        | first_iter_6_mid2                 | select    | auto_sel               | 0       |
|    first_iter_5_mid2109_fu_1112_p2                                                   |     |        | first_iter_5_mid2109              | or        | auto                   | 0       |
|    first_iter_4_mid2113_fu_1117_p2                                                   |     |        | first_iter_4_mid2113              | or        | auto                   | 0       |
|    first_iter_3_mid2117_fu_1122_p2                                                   |     |        | first_iter_3_mid2117              | or        | auto                   | 0       |
|    exitcond_flatten90_not250_fu_388_p2                                               |     |        | exitcond_flatten90_not250         | xor       | auto                   | 0       |
|    not_exitcond_flatten90_mid2178249_fu_394_p2                                       |     |        | not_exitcond_flatten90_mid2178249 | or        | auto                   | 0       |
|    icmp_ln79_mid2119_fu_607_p2                                                       |     |        | icmp_ln79_mid2119                 | and       | auto                   | 0       |
|    exitcond_flatten44_mid2123_fu_476_p2                                              |     |        | exitcond_flatten44_mid2123        | and       | auto                   | 0       |
|    and_ln71_2_fu_400_p2                                                              |     |        | and_ln71_2                        | and       | auto                   | 0       |
|    exitcond_flatten61_mid2127_fu_406_p2                                              |     |        | exitcond_flatten61_mid2127        | and       | auto                   | 0       |
|    select_ln72_fu_612_p3                                                             |     |        | select_ln72                       | select    | auto_sel               | 0       |
|    add_ln73_fu_769_p2                                                                |     |        | add_ln73                          | add       | fabric                 | 0       |
|    empty_19_fu_412_p2                                                                |     |        | empty_19                          | or        | auto                   | 0       |
|    empty_20_fu_481_p2                                                                |     |        | empty_20                          | or        | auto                   | 0       |
|    ic_mid267_fu_619_p3                                                               |     |        | ic_mid267                         | select    | auto_sel               | 0       |
|    sum_11_mid275_fu_1127_p3                                                          |     |        | sum_11_mid275                     | select    | auto_sel               | 0       |
|    first_iter_5_mid1_fu_1134_p2                                                      |     |        | first_iter_5_mid1                 | seteq     | auto                   | 0       |
|    first_iter_5_mid2_fu_1139_p3                                                      |     |        | first_iter_5_mid2                 | select    | auto_sel               | 0       |
|    first_iter_4_mid277_fu_1146_p2                                                    |     |        | first_iter_4_mid277               | or        | auto                   | 0       |
|    first_iter_3_mid281_fu_1151_p2                                                    |     |        | first_iter_3_mid281               | or        | auto                   | 0       |
|    not_exitcond_flatten61_mid2127_fu_485_p2                                          |     |        | not_exitcond_flatten61_mid2127    | xor       | auto                   | 0       |
|    exitcond_flatten44_mid287_fu_490_p2                                               |     |        | exitcond_flatten44_mid287         | and       | auto                   | 0       |
|    select_ln73_fu_775_p3                                                             |     |        | select_ln73                       | select    | auto_sel               | 0       |
|    add_ln77_fu_626_p2                                                                |     |        | add_ln77                          | add       | fabric                 | 0       |
|    empty_21_fu_496_p2                                                                |     |        | empty_21                          | or        | auto                   | 0       |
|    empty_22_fu_501_p2                                                                |     |        | empty_22                          | or        | auto                   | 0       |
|    ky_mid250_fu_632_p3                                                               |     |        | ky_mid250                         | select    | auto_sel               | 0       |
|    first_iter_4_mid1_fu_1028_p2                                                      |     |        | first_iter_4_mid1                 | seteq     | auto                   | 0       |
|    first_iter_4_mid2_fu_1156_p3                                                      |     |        | first_iter_4_mid2                 | select    | auto_sel               | 0       |
|    first_iter_3_mid256_fu_1162_p2                                                    |     |        | first_iter_3_mid256               | or        | auto                   | 0       |
|    exitcond_flatten44_mid2123_not_fu_639_p2                                          |     |        | exitcond_flatten44_mid2123_not    | xor       | auto                   | 0       |
|    not_exitcond_flatten44_mid287_fu_644_p2                                           |     |        | not_exitcond_flatten44_mid287     | or        | auto                   | 0       |
|    icmp_ln79_mid283_fu_649_p2                                                        |     |        | icmp_ln79_mid283                  | and       | auto                   | 0       |
|    icmp_ln79_mid258_fu_654_p2                                                        |     |        | icmp_ln79_mid258                  | and       | auto                   | 0       |
|    select_ln77_fu_660_p3                                                             |     |        | select_ln77                       | select    | auto_sel               | 0       |
|    add_ln78_fu_667_p2                                                                |     |        | add_ln78                          | add       | fabric                 | 0       |
|    empty_23_fu_673_p2                                                                |     |        | empty_23                          | or        | auto                   | 0       |
|    empty_24_fu_677_p2                                                                |     |        | empty_24                          | or        | auto                   | 0       |
|    empty_25_fu_683_p2                                                                |     |        | empty_25                          | or        | auto                   | 0       |
|    kx_mid2_fu_688_p3                                                                 |     |        | kx_mid2                           | select    | auto_sel               | 0       |
|    first_iter_3_mid1_fu_1033_p2                                                      |     |        | first_iter_3_mid1                 | seteq     | auto                   | 0       |
|    first_iter_3_mid2_fu_1167_p3                                                      |     |        | first_iter_3_mid2                 | select    | auto_sel               | 0       |
|    select_ln78_fu_696_p3                                                             |     |        | select_ln78                       | select    | auto_sel               | 0       |
|    sub_ln94_fu_1060_p2                                                               |     |        | sub_ln94                          | sub       | fabric                 | 0       |
|    icmp_ln79_1_fu_1066_p2                                                            |     |        | icmp_ln79_1                       | setne     | auto                   | 0       |
|    xor_ln79_fu_1173_p2                                                               |     |        | xor_ln79                          | xor       | auto                   | 0       |
|    or_ln79_fu_1179_p2                                                                |     |        | or_ln79                           | or        | auto                   | 0       |
|    xor_ln79_1_fu_1184_p2                                                             |     |        | xor_ln79_1                        | xor       | auto                   | 0       |
|    or_ln79_1_fu_1190_p2                                                              |     |        | or_ln79_1                         | or        | auto                   | 0       |
|    xor_ln79_2_fu_1196_p2                                                             |     |        | xor_ln79_2                        | xor       | auto                   | 0       |
|    or_ln79_2_fu_1202_p2                                                              |     |        | or_ln79_2                         | or        | auto                   | 0       |
|    select_ln72_1_fu_1212_p3                                                          |     |        | select_ln72_1                     | select    | auto_sel               | 0       |
|    select_ln72_2_fu_1220_p3                                                          |     |        | select_ln72_2                     | select    | auto_sel               | 0       |
|    add_ln72_2_fu_800_p2                                                              |     |        | add_ln72_2                        | add       | fabric                 | 0       |
|    add_ln94_fu_1249_p2                                                               |     |        | add_ln94                          | add       | fabric                 | 0       |
|    sub_ln85_fu_831_p2                                                                |     |        | sub_ln85                          | sub       | fabric                 | 0       |
|    add_ln89_3_fu_855_p2                                                              |     |        | add_ln89_3                        | add       | fabric                 | 0       |
|    add_ln80_fu_868_p2                                                                |     |        | add_ln80                          | add       | fabric                 | 0       |
|    add_ln80_1_fu_877_p2                                                              |     |        | add_ln80_1                        | add       | fabric                 | 0       |
|    add_ln85_fu_887_p2                                                                |     |        | add_ln85                          | add       | fabric                 | 0       |
|    icmp_ln84_fu_910_p2                                                               |     |        | icmp_ln84                         | setlt     | auto                   | 0       |
|    add_ln81_fu_919_p2                                                                |     |        | add_ln81                          | add       | fabric                 | 0       |
|    add_ln81_1_fu_928_p2                                                              |     |        | add_ln81_1                        | add       | fabric                 | 0       |
|    icmp_ln84_1_fu_999_p2                                                             |     |        | icmp_ln84_1                       | setlt     | auto                   | 0       |
|    and_ln84_fu_1004_p2                                                               |     |        | and_ln84                          | and       | auto                   | 0       |
|    val_in_1_fu_1013_p3                                                               |     |        | val_in_1                          | select    | auto_sel               | 0       |
|    mac_muladd_8s_8s_32s_32_4_1_U30                                                   | 1   |        | mul_ln90                          | mul       | dsp_slice              | 3       |
|    mac_muladd_8s_8s_32s_32_4_1_U30                                                   | 1   |        | sext_ln90_2                       | sext      | dsp_slice              | 3       |
|    mac_muladd_8s_8s_32s_32_4_1_U30                                                   | 1   |        | sum_3                             | add       | dsp_slice              | 3       |
|    add_ln79_fu_704_p2                                                                |     |        | add_ln79                          | add       | fabric                 | 0       |
|    icmp_ln79_2_fu_710_p2                                                             |     |        | icmp_ln79_2                       | seteq     | auto                   | 0       |
|    icmp_ln78_1_fu_716_p2                                                             |     |        | icmp_ln78_1                       | seteq     | auto                   | 0       |
|    icmp_ln77_1_fu_722_p2                                                             |     |        | icmp_ln77_1                       | seteq     | auto                   | 0       |
|    icmp_ln17_fu_1314_p2                                                              |     |        | icmp_ln17                         | setne     | auto                   | 0       |
|    icmp_ln17_1_fu_1364_p2                                                            |     |        | icmp_ln17_1                       | seteq     | auto                   | 0       |
|    or_ln17_fu_1369_p2                                                                |     |        | or_ln17                           | or        | auto                   | 0       |
|    and_ln17_fu_1437_p2                                                               |     |        | and_ln17                          | and       | auto                   | 0       |
|    fcmp_32ns_32ns_1_2_no_dsp_1_U28                                                   |     |        | tmp_8                             | fcmp      | auto                   | 1       |
|    and_ln18_fu_1441_p2                                                               |     |        | and_ln18                          | and       | auto                   | 0       |
|    add_ln317_fu_1332_p2                                                              |     |        | add_ln317                         | add       | fabric                 | 0       |
|    sub_ln18_fu_1346_p2                                                               |     |        | sub_ln18                          | sub       | fabric                 | 0       |
|    select_ln18_fu_1356_p3                                                            |     |        | select_ln18                       | select    | auto_sel               | 0       |
|    lshr_ln18_fu_1394_p2                                                              |     |        | lshr_ln18                         | lshr      | auto_pipe              | 0       |
|    shl_ln18_fu_1400_p2                                                               |     |        | shl_ln18                          | shl       | auto_pipe              | 0       |
|    val_1_fu_1426_p3                                                                  |     |        | val_1                             | select    | auto_sel               | 0       |
|    sub_ln59_fu_1452_p2                                                               |     |        | sub_ln59                          | sub       | fabric                 | 0       |
|    retval_0_i1_fu_1484_p6                                                            |     |        | result_1                          | select    | auto_sel               | 0       |
|    xor_ln17_fu_1464_p2                                                               |     |        | xor_ln17                          | xor       | auto                   | 0       |
|    and_ln18_1_fu_1470_p2                                                             |     |        | and_ln18_1                        | and       | auto                   | 0       |
|    sparsemux_7_2_8_1_1_U29                                                           |     |        | retval_0_i1                       | sparsemux | onehotencoding_realdef | 0       |
|    add_ln78_1_fu_506_p2                                                              |     |        | add_ln78_1                        | add       | fabric                 | 0       |
|    select_ln78_1_fu_512_p3                                                           |     |        | select_ln78_1                     | select    | auto_sel               | 0       |
|    add_ln77_1_fu_418_p2                                                              |     |        | add_ln77_1                        | add       | fabric                 | 0       |
|    select_ln77_1_fu_520_p3                                                           |     |        | select_ln77_1                     | select    | auto_sel               | 0       |
|    add_ln73_1_fu_424_p2                                                              |     |        | add_ln73_1                        | add       | fabric                 | 0       |
|    select_ln73_1_fu_430_p3                                                           |     |        | select_ln73_1                     | select    | auto_sel               | 0       |
|    add_ln72_1_fu_438_p2                                                              |     |        | add_ln72_1                        | add       | fabric                 | 0       |
|    select_ln72_3_fu_444_p3                                                           |     |        | select_ln72_3                     | select    | auto_sel               | 0       |
|  + dense_int8_Pipeline_VITIS_LOOP_103_12_VITIS_LOOP_108_13_VITIS_LOOP_109_14_VITIS_s | 2   |        |                                   |           |                        |         |
|    icmp_ln103_fu_271_p2                                                              |     |        | icmp_ln103                        | seteq     | auto                   | 0       |
|    add_ln103_1_fu_277_p2                                                             |     |        | add_ln103_1                       | add       | fabric                 | 0       |
|    add_ln103_fu_297_p2                                                               |     |        | add_ln103                         | add       | fabric                 | 0       |
|    icmp_ln108_fu_303_p2                                                              |     |        | icmp_ln108                        | seteq     | auto                   | 0       |
|    select_ln103_fu_574_p3                                                            |     |        | select_ln103                      | select    | auto_sel               | 0       |
|    select_ln103_1_fu_397_p3                                                          |     |        | select_ln103_1                    | select    | auto_sel               | 0       |
|    select_ln103_2_fu_581_p3                                                          |     |        | select_ln103_2                    | select    | auto_sel               | 0       |
|    select_ln103_3_fu_588_p3                                                          |     |        | select_ln103_3                    | select    | auto_sel               | 0       |
|    first_iter_9303_fu_404_p2                                                         |     |        | first_iter_9303                   | seteq     | auto                   | 0       |
|    or_ln103_fu_410_p2                                                                |     |        | or_ln103                          | or        | auto                   | 0       |
|    first_iter_8306_fu_415_p2                                                         |     |        | first_iter_8306                   | seteq     | auto                   | 0       |
|    or_ln103_1_fu_421_p2                                                              |     |        | or_ln103_1                        | or        | auto                   | 0       |
|    xor_ln103_fu_309_p2                                                               |     |        | xor_ln103                         | xor       | auto                   | 0       |
|    icmp_ln110_fu_426_p2                                                              |     |        | icmp_ln110                        | seteq     | auto                   | 0       |
|    and_ln103_fu_432_p2                                                               |     |        | and_ln103                         | and       | auto                   | 0       |
|    icmp_ln109_fu_315_p2                                                              |     |        | icmp_ln109                        | seteq     | auto                   | 0       |
|    and_ln103_1_fu_321_p2                                                             |     |        | and_ln103_1                       | and       | auto                   | 0       |
|    select_ln103_4_fu_327_p3                                                          |     |        | select_ln103_4                    | select    | auto_sel               | 0       |
|    add_ln108_fu_437_p2                                                               |     |        | add_ln108                         | add       | fabric                 | 0       |
|    flat_idx_mid2194_fu_595_p3                                                        |     |        | flat_idx_mid2194                  | select    | auto_sel               | 0       |
|    empty_fu_335_p2                                                                   |     |        | empty                             | or        | auto                   | 0       |
|    y_5_mid2195_fu_443_p3                                                             |     |        | y_5_mid2195                       | select    | auto_sel               | 0       |
|    flat_idx_1_mid2199_fu_602_p3                                                      |     |        | flat_idx_1_mid2199                | select    | auto_sel               | 0       |
|    first_iter_9_mid1_fu_450_p2                                                       |     |        | first_iter_9_mid1                 | seteq     | auto                   | 0       |
|    first_iter_9_mid2_fu_456_p3                                                       |     |        | first_iter_9_mid2                 | select    | auto_sel               | 0       |
|    first_iter_8_mid2203_fu_463_p2                                                    |     |        | first_iter_8_mid2203              | or        | auto                   | 0       |
|    exitcond_flatten188_not_fu_468_p2                                                 |     |        | exitcond_flatten188_not           | xor       | auto                   | 0       |
|    not_exitcond_flatten188_mid2237_fu_473_p2                                         |     |        | not_exitcond_flatten188_mid2237   | or        | auto                   | 0       |
|    icmp_ln110_mid2205_fu_478_p2                                                      |     |        | icmp_ln110_mid2205                | and       | auto                   | 0       |
|    select_ln108_fu_609_p3                                                            |     |        | select_ln108                      | select    | auto_sel               | 0       |
|    select_ln108_1_fu_484_p3                                                          |     |        | select_ln108_1                    | select    | auto_sel               | 0       |
|    add_ln109_fu_491_p2                                                               |     |        | add_ln109                         | add       | fabric                 | 0       |
|    flat_idx_1_mid2_fu_616_p3                                                         |     |        | flat_idx_1_mid2                   | select    | auto_sel               | 0       |
|    empty_26_fu_497_p2                                                                |     |        | empty_26                          | or        | auto                   | 0       |
|    empty_27_fu_502_p2                                                                |     |        | empty_27                          | or        | auto                   | 0       |
|    x_2_mid2_fu_507_p3                                                                |     |        | x_2_mid2                          | select    | auto_sel               | 0       |
|    first_iter_8_mid1_fu_515_p2                                                       |     |        | first_iter_8_mid1                 | seteq     | auto                   | 0       |
|    first_iter_8_mid2_fu_521_p3                                                       |     |        | first_iter_8_mid2                 | select    | auto_sel               | 0       |
|    select_ln109_fu_623_p3                                                            |     |        | select_ln109                      | select    | auto_sel               | 0       |
|    select_ln109_1_fu_529_p3                                                          |     |        | select_ln109_1                    | select    | auto_sel               | 0       |
|    icmp_ln110_1_fu_537_p2                                                            |     |        | icmp_ln110_1                      | seteq     | auto                   | 0       |
|    and_ln110_fu_543_p2                                                               |     |        | and_ln110                         | and       | auto                   | 0       |
|    select_ln108_2_fu_801_p3                                                          |     |        | select_ln108_2                    | select    | auto_sel               | 0       |
|    mac_muladd_14ns_4ns_14ns_17_4_1_U37                                               | 1   |        | mul_ln108                         | mul       | dsp_slice              | 3       |
|    mac_muladd_14ns_4ns_14ns_17_4_1_U37                                               | 1   |        | add_ln114                         | add       | dsp_slice              | 3       |
|    mac_muladd_8s_8s_32s_32_4_1_U38                                                   | 1   |        | mul_ln116                         | mul       | dsp_slice              | 3       |
|    mac_muladd_8s_8s_32s_32_4_1_U38                                                   | 1   |        | sext_ln116_2                      | sext      | dsp_slice              | 3       |
|    mac_muladd_8s_8s_32s_32_4_1_U38                                                   | 1   |        | sum_7                             | add       | dsp_slice              | 3       |
|    add_ln117_fu_671_p2                                                               |     |        | add_ln117                         | add       | fabric                 | 0       |
|    add_ln110_1_fu_677_p2                                                             |     |        | add_ln110_1                       | add       | fabric                 | 0       |
|    icmp_ln110_2_fu_682_p2                                                            |     |        | icmp_ln110_2                      | seteq     | auto                   | 0       |
|    add_ln110_fu_688_p2                                                               |     |        | add_ln110                         | add       | fabric                 | 0       |
|    icmp_ln109_1_fu_694_p2                                                            |     |        | icmp_ln109_1                      | seteq     | auto                   | 0       |
|    add_ln108_1_fu_699_p2                                                             |     |        | add_ln108_1                       | add       | fabric                 | 0       |
|    icmp_ln108_1_fu_705_p2                                                            |     |        | icmp_ln108_1                      | seteq     | auto                   | 0       |
|    add_ln109_1_fu_345_p2                                                             |     |        | add_ln109_1                       | add       | fabric                 | 0       |
|    select_ln109_2_fu_351_p3                                                          |     |        | select_ln109_2                    | select    | auto_sel               | 0       |
|    add_ln108_2_fu_359_p2                                                             |     |        | add_ln108_2                       | add       | fabric                 | 0       |
|    select_ln108_3_fu_365_p3                                                          |     |        | select_ln108_3                    | select    | auto_sel               | 0       |
+--------------------------------------------------------------------------------------+-----+--------+-----------------------------------+-----------+------------------------+---------+


================================================================
== Storage Report
================================================================
+--------------------------------------------------------------------------------------+-----------+-----------+------+------+--------+------------+------+---------+------------------+
| Name                                                                                 | Usage     | Type      | BRAM | URAM | Pragma | Variable   | Impl | Latency | Bitwidth, Depth, |
|                                                                                      |           |           |      |      |        |            |      |         | Banks            |
+--------------------------------------------------------------------------------------+-----------+-----------+------+------+--------+------------+------+---------+------------------+
| + dense_int8                                                                         |           |           | 79   | 0    |        |            |      |         |                  |
|   control_s_axi_U                                                                    | interface | s_axilite |      |      |        |            |      |         |                  |
|   gmem_m_axi_U                                                                       | interface | m_axi     | 2    |      |        |            |      |         |                  |
|   layer1_out_U                                                                       | ram_1p    |           | 4    |      |        | layer1_out | auto | 1       | 8, 6272, 1       |
|   layer2_out_U                                                                       | ram_1p    |           | 8    |      |        | layer2_out | auto | 1       | 8, 12544, 1      |
|  + dense_int8_Pipeline_VITIS_LOOP_36_1_VITIS_LOOP_37_2_VITIS_LOOP_38_3               |           |           | 0    | 0    |        |            |      |         |                  |
|    conv1_b_U                                                                         | rom_1p    |           |      |      |        | conv1_b    | auto | 1       | 15, 8, 1         |
|    conv1_w_U                                                                         | rom_1p    |           |      |      |        | conv1_w    | auto | 1       | 8, 72, 1         |
|  + dense_int8_Pipeline_VITIS_LOOP_71_6_VITIS_LOOP_72_7_VITIS_LOOP_73_8_VITIS_LOOP_7  |           |           | 1    | 0    |        |            |      |         |                  |
|    conv2_w_U                                                                         | rom_1p    |           | 1    |      |        | conv2_w    | auto | 1       | 8, 1152, 1       |
|    conv2_b_U                                                                         | rom_1p    |           |      |      |        | conv2_b    | auto | 1       | 13, 16, 1        |
|  + dense_int8_Pipeline_VITIS_LOOP_103_12_VITIS_LOOP_108_13_VITIS_LOOP_109_14_VITIS_s |           |           | 64   | 0    |        |            |      |         |                  |
|    fc_w_U                                                                            | rom_1p    |           | 64   |      |        | fc_w       | auto | 1       | 8, 125440, 1     |
|    fc_b_U                                                                            | rom_1p    |           |      |      |        | fc_b       | auto | 1       | 12, 10, 1        |
+--------------------------------------------------------------------------------------+-----------+-----------+------+------+--------+------------+------+---------+------------------+


================================================================
== Pragma Report
================================================================
* Pragmas with Warnings
+--------------+---------+--------------------------------------------------------------------------------+------------------------------------------------------------------------------------------------------------------------------------------------------------------------------------------------------------------------------------------------------------------------------------------------------------------------------------------------------------------------------------------------------------------------------------------------------------------------------------------------------------------------------------------------------------------------------------------------------------------------------------------------------------------------------------------------------------------------------------------------------------------------------------------------------------------------------------------------------------------------------------------------------------------------------------------------------------------------------------------------------------------------------------------------------------------------------------------------------------------------------------------+
| Type         | Options | Location                                                                       | Messages                                                                                                                                                                                                                                                                                                                                                                                                                                                                                                                                                                                                                                                                                                                                                                                                                                                                                                                                                                                                                                                                                                                                 |
+--------------+---------+--------------------------------------------------------------------------------+------------------------------------------------------------------------------------------------------------------------------------------------------------------------------------------------------------------------------------------------------------------------------------------------------------------------------------------------------------------------------------------------------------------------------------------------------------------------------------------------------------------------------------------------------------------------------------------------------------------------------------------------------------------------------------------------------------------------------------------------------------------------------------------------------------------------------------------------------------------------------------------------------------------------------------------------------------------------------------------------------------------------------------------------------------------------------------------------------------------------------------------+
| LOOP_FLATTEN |         | loop VITIS_LOOP_71_6 (dense_int8.cpp:71:22) in dense_int8 (dense_int8.cpp:103) | The critical path in module 'dense_int8_Pipeline_VITIS_LOOP_71_6_VITIS_LOOP_72_7_VITIS_LOOP_73_8_VITIS_LOOP_7' consists of the following:  'add' operation 32 bit of DSP[210] ('sum', dense_int8.cpp:90) [210]  (2.100 ns)  'store' operation ('sum_write_ln75', dense_int8.cpp:75) of variable 'sum', dense_int8.cpp:90 32 bit on local variable 'sum', dense_int8.cpp:75 [282]  (1.707 ns)  'load' operation 32 bit ('sum_load') on local variable 'sum', dense_int8.cpp:75 [40]  (0.000 ns)  'select' operation 32 bit ('sum_11_mid2107', dense_int8.cpp:71) [73]  (0.000 ns)  'select' operation 32 bit ('sum_11_mid275', dense_int8.cpp:71) [90]  (0.698 ns)  'select' operation 32 bit ('select_ln72_2', dense_int8.cpp:72) [136]  (0.698 ns)  'store' operation ('sum_write_ln75', dense_int8.cpp:75) of variable 'select_ln72_2', dense_int8.cpp:72 32 bit on local variable 'sum', dense_int8.cpp:75 [138]  (1.707 ns)  'load' operation 32 bit ('sum_load_1', dense_int8.cpp:90) on local variable 'sum', dense_int8.cpp:75 [144]  (0.000 ns)  'add' operation 32 bit of DSP[210] ('sum', dense_int8.cpp:90) [210]  (2.100 ns) |
+--------------+---------+--------------------------------------------------------------------------------+------------------------------------------------------------------------------------------------------------------------------------------------------------------------------------------------------------------------------------------------------------------------------------------------------------------------------------------------------------------------------------------------------------------------------------------------------------------------------------------------------------------------------------------------------------------------------------------------------------------------------------------------------------------------------------------------------------------------------------------------------------------------------------------------------------------------------------------------------------------------------------------------------------------------------------------------------------------------------------------------------------------------------------------------------------------------------------------------------------------------------------------+

* Inferred Pragmas
+--------------+---------+-----------------------------------------------------------------------------------+---------------------------------------------------+
| Type         | Options | Location                                                                          | Inferred From                                     |
+--------------+---------+-----------------------------------------------------------------------------------+---------------------------------------------------+
| LOOP_FLATTEN |         | loop VITIS_LOOP_78_10 (dense_int8.cpp:78:39) in dense_int8 (dense_int8.cpp:78)    | pipeline dense_int8.cpp:79 (Performance Budgeter) |
| LOOP_FLATTEN |         | loop VITIS_LOOP_77_9 (dense_int8.cpp:77:34) in dense_int8 (dense_int8.cpp:77)     | pipeline dense_int8.cpp:79 (Performance Budgeter) |
| LOOP_FLATTEN |         | loop VITIS_LOOP_73_8 (dense_int8.cpp:73:30) in dense_int8 (dense_int8.cpp:73)     | pipeline dense_int8.cpp:79 (Performance Budgeter) |
| LOOP_FLATTEN |         | loop VITIS_LOOP_72_7 (dense_int8.cpp:72:26) in dense_int8 (dense_int8.cpp:72)     | pipeline dense_int8.cpp:79 (Performance Budgeter) |
| LOOP_FLATTEN |         | loop VITIS_LOOP_71_6 (dense_int8.cpp:71:22) in dense_int8 (dense_int8.cpp:71)     | pipeline dense_int8.cpp:79 (Performance Budgeter) |
| PIPELINE     |         | loop VITIS_LOOP_38_3 (dense_int8.cpp:38:30) in dense_int8 (dense_int8.cpp:38)     | syn.compile.pipeline_loops=64                     |
| PIPELINE     |         | loop VITIS_LOOP_79_11 (dense_int8.cpp:79:43) in dense_int8 (dense_int8.cpp:79)    | syn.compile.pipeline_loops=64                     |
| PIPELINE     |         | loop VITIS_LOOP_110_15 (dense_int8.cpp:110:36) in dense_int8 (dense_int8.cpp:110) | syn.compile.pipeline_loops=64                     |
+--------------+---------+-----------------------------------------------------------------------------------+---------------------------------------------------+

* Valid Pragma Syntax
+-----------+-----------------------------------+-----------------------------------+
| Type      | Options                           | Location                          |
+-----------+-----------------------------------+-----------------------------------+
| INTERFACE | m_axi port=input_image depth=784  | in dense_int8 (dense_int8.cpp:25) |
| INTERFACE | m_axi port=output_scores depth=10 | in dense_int8 (dense_int8.cpp:26) |
| INTERFACE | s_axilite port=return             | in dense_int8 (dense_int8.cpp:27) |
+-----------+-----------------------------------+-----------------------------------+


