INFO: [SIM 2] *************** CSIM start ***************
   Compiling ../../../../tb_dense.cpp in debug mode
   Compiling ../../../../dense_int8.cpp in debug mode
In file included from ../../../../dense_int8.cpp:1:
In file included from C:/AMDDesignTools/2025.2/Vitis/include\ap_int.h:10:
In file included from C:/AMDDesignTools/2025.2/Vitis/include\etc/ap_common.h:668:
In file included from C:/AMDDesignTools/2025.2/Vitis/include\etc/ap_private.h:68:
In file included from C:/AMDDesignTools/2025.2/Vitis/include\hls_half.h:26:
In file included from C:/AMDDesignTools/2025.2/Vitis/include/etc/hls_half_fpo.h:19:
In file included from C:/AMDDesignTools/2025.2/Vitis/include\hls_fpo.h:140:
In file included from C:/AMDDesignTools/2025.2/Vitis/include/floating_point_v7_1_bitacc_cmodel.h:150:
C:/AMDDesignTools/2025.2/Vitis/include\gmp.h:58:9: warning: '__GMP_LIBGMP_DLL' macro redefined [-Wmacro-redefined]
#define __GMP_LIBGMP_DLL  0
        ^
C:/AMDDesignTools/2025.2/Vitis/include/floating_point_v7_1_bitacc_cmodel.h:142:9: note: previous definition is here
#define __GMP_LIBGMP_DLL 1
        ^
../../../../dense_int8.cpp:2:10: fatal error: 'requantizer.h' file not found
#include "requantizer.h"
         ^~~~~~~~~~~~~~~
1 warning and 1 error generated.
mingw32-make: *** [csim.mk:97: obj/dense_int8.o] Error 1
ERR: [SIM 100] 'csim_design' failed: compilation error(s).
INFO: [SIM 3] *************** CSIM finish ***************
